0 info it worked if it ends with ok
1 verbose cli [ '/home/gefeo/local/bin/node',
1 verbose cli   '/home/gefeo/local/bin/npm',
1 verbose cli   'run',
1 verbose cli   'update-index-async' ]
2 info using npm@3.10.3
3 info using node@v6.6.0
4 verbose run-script [ 'preupdate-index-async',
4 verbose run-script   'update-index-async',
4 verbose run-script   'postupdate-index-async' ]
5 info lifecycle angular-seed@0.0.0~preupdate-index-async: angular-seed@0.0.0
6 silly lifecycle angular-seed@0.0.0~preupdate-index-async: no script for preupdate-index-async, continuing
7 info lifecycle angular-seed@0.0.0~update-index-async: angular-seed@0.0.0
8 verbose lifecycle angular-seed@0.0.0~update-index-async: unsafe-perm in lifecycle true
9 verbose lifecycle angular-seed@0.0.0~update-index-async: PATH: /home/gefeo/local/lib/node_modules/npm/bin/node-gyp-bin:/home/gefeo/Hackerhouse/path/src/client/angular-seed/node_modules/.bin:/home/gefeo/local/bin:/home/gefeo/local/bin:/home/gefeo/local/bin:/usr/local/bin:/usr/bin:/bin:/usr/local/games:/usr/games
10 verbose lifecycle angular-seed@0.0.0~update-index-async: CWD: /home/gefeo/Hackerhouse/path/src/client/angular-seed
11 silly lifecycle angular-seed@0.0.0~update-index-async: Args: [ '-c',
11 silly lifecycle   'node -e "var fs=require(\'fs\'),indexFile=\'app/index-async.html\',loaderFile=\'app/bower_components/angular-loader/angular-loader.min.js\',loaderText=fs.readFileSync(loaderFile,\'utf-8\').split(/sourceMappingURL=angular-loader.min.js.map/).join(\'sourceMappingURL=bower_components/angular-loader/angular-loader.min.js.map\'),indexText=fs.readFileSync(indexFile,\'utf-8\').split(/\\/\\/@@NG_LOADER_START@@[\\s\\S]*\\/\\/@@NG_LOADER_END@@/).join(\'//@@NG_LOADER_START@@\\n\'+loaderText+\'    //@@NG_LOADER_END@@\');fs.writeFileSync(indexFile,indexText);"' ]
12 silly lifecycle angular-seed@0.0.0~update-index-async: Returned: code: 1  signal: null
13 info lifecycle angular-seed@0.0.0~update-index-async: Failed to exec update-index-async script
14 verbose stack Error: angular-seed@0.0.0 update-index-async: `node -e "var fs=require('fs'),indexFile='app/index-async.html',loaderFile='app/bower_components/angular-loader/angular-loader.min.js',loaderText=fs.readFileSync(loaderFile,'utf-8').split(/sourceMappingURL=angular-loader.min.js.map/).join('sourceMappingURL=bower_components/angular-loader/angular-loader.min.js.map'),indexText=fs.readFileSync(indexFile,'utf-8').split(/\/\/@@NG_LOADER_START@@[\s\S]*\/\/@@NG_LOADER_END@@/).join('//@@NG_LOADER_START@@\n'+loaderText+'    //@@NG_LOADER_END@@');fs.writeFileSync(indexFile,indexText);"`
14 verbose stack Exit status 1
14 verbose stack     at EventEmitter.<anonymous> (/home/gefeo/local/lib/node_modules/npm/lib/utils/lifecycle.js:242:16)
14 verbose stack     at emitTwo (events.js:106:13)
14 verbose stack     at EventEmitter.emit (events.js:191:7)
14 verbose stack     at ChildProcess.<anonymous> (/home/gefeo/local/lib/node_modules/npm/lib/utils/spawn.js:40:14)
14 verbose stack     at emitTwo (events.js:106:13)
14 verbose stack     at ChildProcess.emit (events.js:191:7)
14 verbose stack     at maybeClose (internal/child_process.js:877:16)
14 verbose stack     at Process.ChildProcess._handle.onexit (internal/child_process.js:226:5)
15 verbose pkgid angular-seed@0.0.0
16 verbose cwd /home/gefeo/Hackerhouse/path/src/client/angular-seed
17 error Linux 3.16.0-4-amd64
18 error argv "/home/gefeo/local/bin/node" "/home/gefeo/local/bin/npm" "run" "update-index-async"
19 error node v6.6.0
20 error npm  v3.10.3
21 error code ELIFECYCLE
22 error angular-seed@0.0.0 update-index-async: `node -e "var fs=require('fs'),indexFile='app/index-async.html',loaderFile='app/bower_components/angular-loader/angular-loader.min.js',loaderText=fs.readFileSync(loaderFile,'utf-8').split(/sourceMappingURL=angular-loader.min.js.map/).join('sourceMappingURL=bower_components/angular-loader/angular-loader.min.js.map'),indexText=fs.readFileSync(indexFile,'utf-8').split(/\/\/@@NG_LOADER_START@@[\s\S]*\/\/@@NG_LOADER_END@@/).join('//@@NG_LOADER_START@@\n'+loaderText+'    //@@NG_LOADER_END@@');fs.writeFileSync(indexFile,indexText);"`
22 error Exit status 1
23 error Failed at the angular-seed@0.0.0 update-index-async script 'node -e "var fs=require('fs'),indexFile='app/index-async.html',loaderFile='app/bower_components/angular-loader/angular-loader.min.js',loaderText=fs.readFileSync(loaderFile,'utf-8').split(/sourceMappingURL=angular-loader.min.js.map/).join('sourceMappingURL=bower_components/angular-loader/angular-loader.min.js.map'),indexText=fs.readFileSync(indexFile,'utf-8').split(/\/\/@@NG_LOADER_START@@[\s\S]*\/\/@@NG_LOADER_END@@/).join('//@@NG_LOADER_START@@\n'+loaderText+'    //@@NG_LOADER_END@@');fs.writeFileSync(indexFile,indexText);"'.
23 error Make sure you have the latest version of node.js and npm installed.
23 error If you do, this is most likely a problem with the angular-seed package,
23 error not with npm itself.
23 error Tell the author that this fails on your system:
23 error     node -e "var fs=require('fs'),indexFile='app/index-async.html',loaderFile='app/bower_components/angular-loader/angular-loader.min.js',loaderText=fs.readFileSync(loaderFile,'utf-8').split(/sourceMappingURL=angular-loader.min.js.map/).join('sourceMappingURL=bower_components/angular-loader/angular-loader.min.js.map'),indexText=fs.readFileSync(indexFile,'utf-8').split(/\/\/@@NG_LOADER_START@@[\s\S]*\/\/@@NG_LOADER_END@@/).join('//@@NG_LOADER_START@@\n'+loaderText+'    //@@NG_LOADER_END@@');fs.writeFileSync(indexFile,indexText);"
23 error You can get information on how to open an issue for this project with:
23 error     npm bugs angular-seed
23 error Or if that isn't available, you can get their info via:
23 error     npm owner ls angular-seed
23 error There is likely additional logging output above.
24 verbose exit [ 1, true ]
